<?xml version="1.0" encoding="UTF-8"?>
<!-- Generated by org.testng.reporters.JUnitReportReporter -->
<testsuite hostname="bbc093324f0e565" failures="0" tests="1" name="sdet.Assesment.AppTest" time="0.361" errors="0" timestamp="2024-04-22T19:24:31 IST" skipped="0">
  <testcase classname="sdet.Assesment.AppTest" name="loginTest" time="0.361"/>
</testsuite> <!-- sdet.Assesment.AppTest -->
